[debug] [2023-07-22T08:46:34.617Z] ----------------------------------------------------------------------
[debug] [2023-07-22T08:46:34.621Z] Command:       C:\node JS\node.exe C:\Users\USER\AppData\Roaming\npm\node_modules\firebase-tools\lib\bin\firebase.js init
[debug] [2023-07-22T08:46:34.622Z] CLI Version:   12.4.2
[debug] [2023-07-22T08:46:34.622Z] Platform:      win32
[debug] [2023-07-22T08:46:34.623Z] Node Version:  v18.7.0
[debug] [2023-07-22T08:46:34.624Z] Time:          Sat Jul 22 2023 14:16:34 GMT+0530 (India Standard Time)
[debug] [2023-07-22T08:46:34.625Z] ----------------------------------------------------------------------
[debug] 
[debug] [2023-07-22T08:46:34.653Z] >>> [apiv2][query] GET https://firebase-public.firebaseio.com/cli.json [none]
[debug] [2023-07-22T08:46:34.753Z] > command requires scopes: ["email","openid","https://www.googleapis.com/auth/cloudplatformprojects.readonly","https://www.googleapis.com/auth/firebase","https://www.googleapis.com/auth/cloud-platform"]
[debug] [2023-07-22T08:46:34.755Z] > authorizing via signed-in user (sgaur5014@gmail.com)
[info] 
     ######## #### ########  ######## ########     ###     ######  ########
     ##        ##  ##     ## ##       ##     ##  ##   ##  ##       ##
     ######    ##  ########  ######   ########  #########  ######  ######
     ##        ##  ##    ##  ##       ##     ## ##     ##       ## ##
     ##       #### ##     ## ######## ########  ##     ##  ######  ########

You're about to initialize a Firebase project in this directory:

  C:\Users\USER\OneDrive\Documents\Task\taskOne

[debug] [2023-07-22T08:46:35.963Z] <<< [apiv2][status] GET https://firebase-public.firebaseio.com/cli.json 200
[debug] [2023-07-22T08:46:35.964Z] <<< [apiv2][body] GET https://firebase-public.firebaseio.com/cli.json {"cloudBuildErrorAfter":1594252800000,"cloudBuildWarnAfter":1590019200000,"defaultNode10After":1594252800000,"minVersion":"3.0.5","node8DeploysDisabledAfter":1613390400000,"node8RuntimeDisabledAfter":1615809600000,"node8WarnAfter":1600128000000}
[debug] [2023-07-22T08:52:01.897Z] ----------------------------------------------------------------------
[debug] [2023-07-22T08:52:01.901Z] Command:       C:\node JS\node.exe C:\Users\USER\AppData\Roaming\npm\node_modules\firebase-tools\lib\bin\firebase.js init
[debug] [2023-07-22T08:52:01.902Z] CLI Version:   12.4.2
[debug] [2023-07-22T08:52:01.902Z] Platform:      win32
[debug] [2023-07-22T08:52:01.903Z] Node Version:  v18.7.0
[debug] [2023-07-22T08:52:01.905Z] Time:          Sat Jul 22 2023 14:22:01 GMT+0530 (India Standard Time)
[debug] [2023-07-22T08:52:01.905Z] ----------------------------------------------------------------------
[debug] 
[debug] [2023-07-22T08:52:01.926Z] > command requires scopes: ["email","openid","https://www.googleapis.com/auth/cloudplatformprojects.readonly","https://www.googleapis.com/auth/firebase","https://www.googleapis.com/auth/cloud-platform"]
[debug] [2023-07-22T08:52:01.928Z] > authorizing via signed-in user (sgaur5014@gmail.com)
[info] 
     ######## #### ########  ######## ########     ###     ######  ########
     ##        ##  ##     ## ##       ##     ##  ##   ##  ##       ##
     ######    ##  ########  ######   ########  #########  ######  ######
     ##        ##  ##    ##  ##       ##     ## ##     ##       ## ##
     ##       #### ##     ## ######## ########  ##     ##  ######  ########

You're about to initialize a Firebase project in this directory:

  C:\Users\USER\OneDrive\Documents\Task\taskOne

[info] 
=== Project Setup
[info] 
[info] First, let's associate this project directory with a Firebase project.
[info] You can create multiple project aliases by running firebase use --add, 
[info] but for now we'll just set up a default project.
[info] 
[info] i  If you want to create a project in a Google Cloud organization or folder, please use "firebase projects:create" instead, and return to this command when you've created the project. 
[debug] [2023-07-22T08:52:36.688Z] > refreshing access token with scopes: []
[debug] [2023-07-22T08:52:36.700Z] >>> [apiv2][query] POST https://www.googleapis.com/oauth2/v3/token [none]
[debug] [2023-07-22T08:52:36.700Z] >>> [apiv2][body] POST https://www.googleapis.com/oauth2/v3/token [omitted]
[debug] [2023-07-22T08:52:37.619Z] <<< [apiv2][status] POST https://www.googleapis.com/oauth2/v3/token 200
[debug] [2023-07-22T08:52:37.620Z] <<< [apiv2][body] POST https://www.googleapis.com/oauth2/v3/token [omitted]
[debug] [2023-07-22T08:52:37.667Z] >>> [apiv2][query] POST https://cloudresourcemanager.googleapis.com/v1/projects [none]
[debug] [2023-07-22T08:52:37.667Z] >>> [apiv2][body] POST https://cloudresourcemanager.googleapis.com/v1/projects {"projectId":"demo-car-site","name":"car-site"}
[debug] [2023-07-22T08:52:40.098Z] <<< [apiv2][status] POST https://cloudresourcemanager.googleapis.com/v1/projects 400
[debug] [2023-07-22T08:52:40.099Z] <<< [apiv2][body] POST https://cloudresourcemanager.googleapis.com/v1/projects {"error":{"code":400,"message":"field [project_id] has issue [project_id contains prohibited words]","status":"INVALID_ARGUMENT","details":[{"@type":"type.googleapis.com/google.rpc.BadRequest","fieldViolations":[{"field":"project_id","description":"project_id contains prohibited words"}]},{"@type":"type.googleapis.com/google.rpc.Help","links":[{"url":"https://cloud.google.com/resource-manager/reference/rest/v1/projects"}]}]}}
[debug] [2023-07-22T08:52:40.605Z] FirebaseError: HTTP Error: 400, field [project_id] has issue [project_id contains prohibited words]
    at responseToError (C:\Users\USER\AppData\Roaming\npm\node_modules\firebase-tools\lib\responseToError.js:49:12)
    at RetryOperation._fn (C:\Users\USER\AppData\Roaming\npm\node_modules\firebase-tools\lib\apiv2.js:288:77)
    at process.processTicksAndRejections (node:internal/process/task_queues:95:5)
[error] 
[error] Error: Failed to create project. See firebase-debug.log for more info.
